repository/build/outputs/logs/manifest-merger-prod-debug-report.txt
-- Merging decision tree log ---
manifest
ADDED from src/main/AndroidManifest.xml:1:1-50
INJECTED from src/main/AndroidManifest.xml:1:1-50
INJECTED from src/main/AndroidManifest.xml:1:1-50
INJECTED from src/main/AndroidManifest.xml:1:1-50
INJECTED from src/main/AndroidManifest.xml:1:1-50
INJECTED from src/main/AndroidManifest.xml:1:1-50
INJECTED from src/main/AndroidManifest.xml:1:1-50
	package
		ADDED from src/main/AndroidManifest.xml:1:11-48
		INJECTED from src/main/AndroidManifest.xml
		INJECTED from src/main/AndroidManifest.xml
	android:versionName
		INJECTED from src/main/AndroidManifest.xml
		ADDED from src/main/AndroidManifest.xml:1:1-50
		INJECTED from src/main/AndroidManifest.xml
	xmlns:android
		ADDED from src/main/AndroidManifest.xml:1:1-50
	android:versionCode
		INJECTED from src/main/AndroidManifest.xml
		ADDED from src/main/AndroidManifest.xml:1:1-50
		INJECTED from src/main/AndroidManifest.xml
uses-sdk
INJECTED from src/main/AndroidManifest.xml reason: use-sdk injection requested
INJECTED from src/main/AndroidManifest.xml
INJECTED from src/main/AndroidManifest.xml
INJECTED from src/main/AndroidManifest.xml
INJECTED from src/main/AndroidManifest.xml
	android:targetSdkVersion
		INJECTED from src/main/AndroidManifest.xml
		ADDED from src/main/AndroidManifest.xml
		INJECTED from src/main/AndroidManifest.xml
	android:minSdkVersion
		INJECTED from src/main/AndroidManifest.xml
		ADDED from src/main/AndroidManifest.xml
		INJECTED from src/main/AndroidManifest.xml